{
  "RSpec": {
    "coverage": {
      "/Users/christopher1/a-projects/Mock_Assessment/thoughtbox/app/helpers/application_helper.rb": [
        1,
        null
      ],
      "/Users/christopher1/a-projects/Mock_Assessment/thoughtbox/app/helpers/sessions_helper.rb": [
        1,
        null
      ],
      "/Users/christopher1/a-projects/Mock_Assessment/thoughtbox/app/helpers/static_pages_helper.rb": [
        1,
        null
      ],
      "/Users/christopher1/a-projects/Mock_Assessment/thoughtbox/app/controllers/sessions_controller.rb": [
        1,
        1,
        3,
        3,
        1,
        null,
        null,
        2,
        0,
        null,
        2,
        null,
        null,
        null,
        1,
        3,
        null,
        null,
        1,
        1,
        6,
        null,
        null
      ],
      "/Users/christopher1/a-projects/Mock_Assessment/thoughtbox/app/controllers/application_controller.rb": [
        1,
        1,
        null
      ],
      "/Users/christopher1/a-projects/Mock_Assessment/thoughtbox/app/models/user.rb": [
        1,
        1,
        1,
        1,
        null
      ],
      "/Users/christopher1/a-projects/Mock_Assessment/thoughtbox/app/models/application_record.rb": [
        1,
        1,
        null
      ],
      "/Users/christopher1/a-projects/Mock_Assessment/thoughtbox/app/controllers/static_pages_controller.rb": [
        1,
        1,
        null,
        null
      ],
      "/Users/christopher1/a-projects/Mock_Assessment/thoughtbox/app/channels/application_cable/channel.rb": [
        0,
        0,
        0,
        0
      ],
      "/Users/christopher1/a-projects/Mock_Assessment/thoughtbox/app/channels/application_cable/connection.rb": [
        0,
        0,
        0,
        0
      ],
      "/Users/christopher1/a-projects/Mock_Assessment/thoughtbox/app/jobs/application_job.rb": [
        0,
        0
      ],
      "/Users/christopher1/a-projects/Mock_Assessment/thoughtbox/app/mailers/application_mailer.rb": [
        0,
        0,
        0,
        0
      ]
    },
    "timestamp": 1473700413
  }
}
